0 info it worked if it ends with ok
1 verbose cli [ 'C:\\Program Files\\nodejs\\node.exe',
1 verbose cli   'C:\\Program Files\\nodejs\\node_modules\\npm\\bin\\npm-cli.js',
1 verbose cli   'run',
1 verbose cli   'build' ]
2 info using npm@3.10.10
3 info using node@v6.11.5
4 verbose run-script [ 'prebuild', 'build', 'postbuild' ]
5 info lifecycle @~prebuild: @
6 silly lifecycle @~prebuild: no script for prebuild, continuing
7 info lifecycle @~build: @
8 verbose lifecycle @~build: unsafe-perm in lifecycle true
9 verbose lifecycle @~build: PATH: C:\Users\AoSnow\AppData\Roaming\nvm\v6.11.5\node_modules\npm\bin\node-gyp-bin;E:\study-c1708\typescript\06-module\node_modules\.bin;C:\Program Files (x86)\Common Files\Intel\Shared Files\cpp\bin\Intel64;C:\Program Files (x86)\Intel\iCLS Client\;C:\Program Files\Intel\iCLS Client\;C:\Program Files (x86)\Lenovo\FusionEngine;C:\Windows\system32;C:\Windows;C:\Windows\System32\Wbem;C:\Windows\System32\WindowsPowerShell\v1.0\;C:\Program Files (x86)\NVIDIA Corporation\PhysX\Common;C:\Program Files (x86)\Intel\Intel(R) Management Engine Components\DAL;C:\Program Files\Intel\Intel(R) Management Engine Components\DAL;C:\Program Files (x86)\Intel\Intel(R) Management Engine Components\IPT;C:\Program Files\Intel\Intel(R) Management Engine Components\IPT;C:\Program Files\Intel\WiFi\bin\;C:\Program Files\Common Files\Intel\WirelessCommon\;C:\Program Files (x86)\WinSCP\;C:\WINDOWS\system32;C:\WINDOWS;C:\WINDOWS\System32\Wbem;C:\WINDOWS\System32\WindowsPowerShell\v1.0\;C:\Program Files\Common Files\Autodesk Shared\;C:\Program Files (x86)\Autodesk\Backburner\;C:\Program Files\Git\cmd;C:\Program Files (x86)\GtkSharp\2.12\bin;C:\Program Files\PuTTY\;C:\Users\AoSnow\AppData\Roaming\nvm;C:\Program Files\nodejs;C:\Users\AoSnow\AppData\Local\Programs\Python\Python36-32;C:\Program Files\VisualSVN Server\bin;%SVN_HOME%;C:\Users\AoSnow\AppData\Local\Programs\Python\Python36-32\Scripts\;C:\Users\AoSnow\AppData\Local\Programs\Python\Python36-32\;C:\Ruby24-x64\bin;E:\angular\angular.js-master;C:\Users\AoSnow\AppData\Local\Microsoft\WindowsApps;C:\Users\AoSnow\AppData\Roaming\npm;C:\Users\AoSnow\AppData\Roaming\nvm;C:\Program Files\nodejs;C:\Users\AoSnow\AppData\Local\Programs\Python\Python36-32
10 verbose lifecycle @~build: CWD: E:\study-c1708\typescript\06-module
11 silly lifecycle @~build: Args: [ '/d /s /c',
11 silly lifecycle   'tsc main.ts --module amd --target es5 --lib es2015,dom' ]
12 silly lifecycle @~build: Returned: code: 2  signal: null
13 info lifecycle @~build: Failed to exec build script
14 verbose stack Error: @ build: `tsc main.ts --module amd --target es5 --lib es2015,dom`
14 verbose stack Exit status 2
14 verbose stack     at EventEmitter.<anonymous> (C:\Users\AoSnow\AppData\Roaming\nvm\v6.11.5\node_modules\npm\lib\utils\lifecycle.js:255:16)
14 verbose stack     at emitTwo (events.js:106:13)
14 verbose stack     at EventEmitter.emit (events.js:191:7)
14 verbose stack     at ChildProcess.<anonymous> (C:\Users\AoSnow\AppData\Roaming\nvm\v6.11.5\node_modules\npm\lib\utils\spawn.js:40:14)
14 verbose stack     at emitTwo (events.js:106:13)
14 verbose stack     at ChildProcess.emit (events.js:191:7)
14 verbose stack     at maybeClose (internal/child_process.js:920:16)
14 verbose stack     at Process.ChildProcess._handle.onexit (internal/child_process.js:230:5)
15 verbose pkgid @
16 verbose cwd E:\study-c1708\typescript\06-module
17 error Windows_NT 10.0.14393
18 error argv "C:\\Program Files\\nodejs\\node.exe" "C:\\Program Files\\nodejs\\node_modules\\npm\\bin\\npm-cli.js" "run" "build"
19 error node v6.11.5
20 error npm  v3.10.10
21 error code ELIFECYCLE
22 error @ build: `tsc main.ts --module amd --target es5 --lib es2015,dom`
22 error Exit status 2
23 error Failed at the @ build script 'tsc main.ts --module amd --target es5 --lib es2015,dom'.
23 error Make sure you have the latest version of node.js and npm installed.
23 error If you do, this is most likely a problem with the  package,
23 error not with npm itself.
23 error Tell the author that this fails on your system:
23 error     tsc main.ts --module amd --target es5 --lib es2015,dom
23 error You can get information on how to open an issue for this project with:
23 error     npm bugs
23 error Or if that isn't available, you can get their info via:
23 error     npm owner ls
23 error There is likely additional logging output above.
24 verbose exit [ 1, true ]
